# JRE version: OpenJDK Runtime Environment JBR-17.0.9+8-1166.2-nomod (17.0.9+8) (build 17.0.9+8-b1166.2)
# Java VM: OpenJDK 64-Bit Server VM JBR-17.0.9+8-1166.2-nomod (17.0.9+8-b1166.2, mixed mode, tiered, compressed oops, compressed class ptrs, g1 gc, windows-amd64)
GC Precious Log:
 CPUs: 8 total, 8 available
 Memory: 16125M
 Large Page Support: Disabled
 NUMA Support: Disabled
 Compressed Oops: Enabled (32-bit)
 Heap Region Size: 1M
 Heap Min Capacity: 8M
 Heap Initial Capacity: 252M
 Heap Max Capacity: 1536M
 Pre-touch: Disabled
 Parallel Workers: 8
 Concurrent Workers: 2
 Concurrent Refinement Workers: 8
 Periodic GC: Disabled
Heap:
 garbage-first heap   total 421888K, used 352256K [0x00000000a0000000, 0x0000000100000000)
  region size 1024K, 8 young (8192K), 3 survivors (3072K)
 Metaspace       used 151160K, committed 152768K, reserved 1245184K
  class space    used 19679K, committed 20352K, reserved 1048576K
GC Heap History (20 events):
Event: 14.723 GC heap before
{Heap before GC invocations=48 (full 0):
 garbage-first heap   total 421888K, used 341890K [0x00000000a0000000, 0x0000000100000000)
  region size 1024K, 122 young (124928K), 8 survivors (8192K)
 Metaspace       used 130036K, committed 131264K, reserved 1179648K
  class space    used 17522K, committed 18112K, reserved 1048576K
}
Event: 14.732 GC heap after
{Heap after GC invocations=49 (full 0):
 garbage-first heap   total 421888K, used 231424K [0x00000000a0000000, 0x0000000100000000)
  region size 1024K, 13 young (13312K), 13 survivors (13312K)
 Metaspace       used 130036K, committed 131264K, reserved 1179648K
  class space    used 17522K, committed 18112K, reserved 1048576K
}
Event: 16.932 GC heap before
{Heap before GC invocations=49 (full 0):
 garbage-first heap   total 421888K, used 347136K [0x00000000a0000000, 0x0000000100000000)
  region size 1024K, 125 young (128000K), 13 survivors (13312K)
 Metaspace       used 132689K, committed 133952K, reserved 1179648K
  class space    used 17863K, committed 18432K, reserved 1048576K
}
Event: 16.939 GC heap after
{Heap after GC invocations=50 (full 0):
 garbage-first heap   total 421888K, used 234706K [0x00000000a0000000, 0x0000000100000000)
  region size 1024K, 12 young (12288K), 12 survivors (12288K)
 Metaspace       used 132689K, committed 133952K, reserved 1179648K
  class space    used 17863K, committed 18432K, reserved 1048576K
}
Event: 18.360 GC heap before
{Heap before GC invocations=50 (full 0):
 garbage-first heap   total 421888K, used 351442K [0x00000000a0000000, 0x0000000100000000)
  region size 1024K, 125 young (128000K), 12 survivors (12288K)
 Metaspace       used 140744K, committed 142080K, reserved 1179648K
  class space    used 18775K, committed 19392K, reserved 1048576K
}
Event: 18.373 GC heap after
{Heap after GC invocations=51 (full 0):
 garbage-first heap   total 421888K, used 254473K [0x00000000a0000000, 0x0000000100000000)
  region size 1024K, 16 young (16384K), 16 survivors (16384K)
 Metaspace       used 140744K, committed 142080K, reserved 1179648K
  class space    used 18775K, committed 19392K, reserved 1048576K
}
Event: 18.892 GC heap before
{Heap before GC invocations=51 (full 0):
 garbage-first heap   total 421888K, used 346633K [0x00000000a0000000, 0x0000000100000000)
  region size 1024K, 105 young (107520K), 16 survivors (16384K)
 Metaspace       used 141865K, committed 143168K, reserved 1179648K
  class space    used 18882K, committed 19456K, reserved 1048576K
}
Event: 18.904 GC heap after
{Heap after GC invocations=52 (full 0):
 garbage-first heap   total 421888K, used 263928K [0x00000000a0000000, 0x0000000100000000)
  region size 1024K, 14 young (14336K), 14 survivors (14336K)
 Metaspace       used 141865K, committed 143168K, reserved 1179648K
  class space    used 18882K, committed 19456K, reserved 1048576K
}
Event: 19.316 GC heap before
{Heap before GC invocations=52 (full 0):
 garbage-first heap   total 421888K, used 351992K [0x00000000a0000000, 0x0000000100000000)
  region size 1024K, 95 young (97280K), 14 survivors (14336K)
 Metaspace       used 144651K, committed 145984K, reserved 1179648K
  class space    used 19070K, committed 19648K, reserved 1048576K
}
Event: 19.323 GC heap after
{Heap after GC invocations=53 (full 0):
 garbage-first heap   total 421888K, used 269945K [0x00000000a0000000, 0x0000000100000000)
  region size 1024K, 7 young (7168K), 7 survivors (7168K)
 Metaspace       used 144651K, committed 145984K, reserved 1179648K
  class space    used 19070K, committed 19648K, reserved 1048576K
}
Event: 19.610 GC heap before
{Heap before GC invocations=53 (full 0):
 garbage-first heap   total 421888K, used 350841K [0x00000000a0000000, 0x0000000100000000)
  region size 1024K, 85 young (87040K), 7 survivors (7168K)
 Metaspace       used 146221K, committed 147520K, reserved 1179648K
  class space    used 19245K, committed 19840K, reserved 1048576K
}
Event: 19.616 GC heap after
{Heap after GC invocations=54 (full 0):
 garbage-first heap   total 421888K, used 284536K [0x00000000a0000000, 0x0000000100000000)
  region size 1024K, 11 young (11264K), 11 survivors (11264K)
 Metaspace       used 146221K, committed 147520K, reserved 1179648K
  class space    used 19245K, committed 19840K, reserved 1048576K
}
Event: 19.767 GC heap before
{Heap before GC invocations=54 (full 0):
 garbage-first heap   total 421888K, used 353144K [0x00000000a0000000, 0x0000000100000000)
  region size 1024K, 76 young (77824K), 11 survivors (11264K)
 Metaspace       used 147197K, committed 148544K, reserved 1179648K
  class space    used 19337K, committed 19968K, reserved 1048576K
}
Event: 19.777 GC heap after
{Heap after GC invocations=55 (full 0):
 garbage-first heap   total 421888K, used 293695K [0x00000000a0000000, 0x0000000100000000)
  region size 1024K, 7 young (7168K), 7 survivors (7168K)
 Metaspace       used 147197K, committed 148544K, reserved 1179648K
  class space    used 19337K, committed 19968K, reserved 1048576K
}
Event: 20.203 GC heap before
{Heap before GC invocations=55 (full 0):
 garbage-first heap   total 421888K, used 356159K [0x00000000a0000000, 0x0000000100000000)
  region size 1024K, 67 young (68608K), 7 survivors (7168K)
 Metaspace       used 150831K, committed 152256K, reserved 1245184K
  class space    used 19636K, committed 20288K, reserved 1048576K
}
Event: 20.210 GC heap after
{Heap after GC invocations=56 (full 0):
 garbage-first heap   total 421888K, used 302473K [0x00000000a0000000, 0x0000000100000000)
  region size 1024K, 9 young (9216K), 9 survivors (9216K)
 Metaspace       used 150831K, committed 152256K, reserved 1245184K
  class space    used 19636K, committed 20288K, reserved 1048576K
}
Event: 20.455 GC heap before
{Heap before GC invocations=56 (full 0):
 garbage-first heap   total 421888K, used 354697K [0x00000000a0000000, 0x0000000100000000)
  region size 1024K, 61 young (62464K), 9 survivors (9216K)
 Metaspace       used 150881K, committed 152256K, reserved 1245184K
  class space    used 19637K, committed 20288K, reserved 1048576K
}
Event: 20.470 GC heap after
{Heap after GC invocations=57 (full 0):
 garbage-first heap   total 421888K, used 346954K [0x00000000a0000000, 0x0000000100000000)
  region size 1024K, 8 young (8192K), 8 survivors (8192K)
 Metaspace       used 150881K, committed 152256K, reserved 1245184K
  class space    used 19637K, committed 20288K, reserved 1048576K
}
Event: 20.530 GC heap before
{Heap before GC invocations=57 (full 0):
 garbage-first heap   total 421888K, used 359242K [0x00000000a0000000, 0x0000000100000000)
  region size 1024K, 20 young (20480K), 8 survivors (8192K)
 Metaspace       used 151183K, committed 152512K, reserved 1245184K
  class space    used 19673K, committed 20288K, reserved 1048576K
}
Event: 20.538 GC heap after
{Heap after GC invocations=58 (full 0):
 garbage-first heap   total 421888K, used 358400K [0x00000000a0000000, 0x0000000100000000)
  region size 1024K, 3 young (3072K), 3 survivors (3072K)
 Metaspace       used 151183K, committed 152512K, reserved 1245184K
  class space    used 19673K, committed 20288K, reserved 1048576K
}

